Watching for file changes with StatReloader
C:\Users\user\Documents\GitHub\comicsite\selim_site\ssite\xsite\models.py changed, reloading.
Watching for file changes with StatReloader
General error for user safa: 'Product' object has no attribute 'discounted_price'
User safa library query returned 0 products
General error for user safa: 'Product' object has no attribute 'discounted_price'
User safa library query returned 0 products
Total price calculated: 26.00 for user safa
No payment method provided for user safa
User safa library query returned 0 products
User safa library query returned 0 products
Total price calculated: 26.00 for user safa
No payment method provided for user safa
User safa library query returned 0 products
C:\Users\user\Documents\GitHub\comicsite\selim_site\ssite\xsite\context_processors.py changed, reloading.
Watching for file changes with StatReloader
C:\Users\user\Documents\GitHub\comicsite\selim_site\ssite\ssite\settings.py changed, reloading.
Watching for file changes with StatReloader
C:\Users\user\Documents\GitHub\comicsite\selim_site\ssite\ssite\settings.py changed, reloading.
Watching for file changes with StatReloader
C:\Users\user\Documents\GitHub\comicsite\selim_site\ssite\xsite\views.py changed, reloading.
Watching for file changes with StatReloader
C:\Users\user\Documents\GitHub\comicsite\selim_site\ssite\ssite\views.py changed, reloading.
Watching for file changes with StatReloader
C:\Users\user\Documents\GitHub\comicsite\selim_site\ssite\ssite\views.py changed, reloading.
Watching for file changes with StatReloader
C:\Users\user\Documents\GitHub\comicsite\selim_site\ssite\xsite\views.py changed, reloading.
Watching for file changes with StatReloader
Watching for file changes with StatReloader
Internal Server Error: /cartd/
Traceback (most recent call last):
  File "C:\Users\user\Documents\GitHub\comicsite\selim_site\myvenv\Lib\site-packages\django\core\handlers\exception.py", line 55, in inner
    response = get_response(request)
               ^^^^^^^^^^^^^^^^^^^^^
  File "C:\Users\user\Documents\GitHub\comicsite\selim_site\myvenv\Lib\site-packages\django\core\handlers\base.py", line 197, in _get_response
    response = wrapped_callback(request, *callback_args, **callback_kwargs)
               ^^^^^^^^^^^^^^^^^^^^^^^^^^^^^^^^^^^^^^^^^^^^^^^^^^^^^^^^^^^^
  File "C:\Users\user\Documents\GitHub\comicsite\selim_site\myvenv\Lib\site-packages\django\contrib\auth\decorators.py", line 60, in _view_wrapper
    return view_func(request, *args, **kwargs)
           ^^^^^^^^^^^^^^^^^^^^^^^^^^^^^^^^^^^
  File "C:\Users\user\Documents\GitHub\comicsite\selim_site\ssite\ssite\views.py", line 195, in cart_detail
    return render(request, 'xsite/cart_detail.html', {'cart': cart})
           ^^^^^^^^^^^^^^^^^^^^^^^^^^^^^^^^^^^^^^^^^^^^^^^^^^^^^^^^^
  File "C:\Users\user\Documents\GitHub\comicsite\selim_site\myvenv\Lib\site-packages\django\shortcuts.py", line 25, in render
    content = loader.render_to_string(template_name, context, request, using=using)
              ^^^^^^^^^^^^^^^^^^^^^^^^^^^^^^^^^^^^^^^^^^^^^^^^^^^^^^^^^^^^^^^^^^^^^
  File "C:\Users\user\Documents\GitHub\comicsite\selim_site\myvenv\Lib\site-packages\django\template\loader.py", line 62, in render_to_string
    return template.render(context, request)
           ^^^^^^^^^^^^^^^^^^^^^^^^^^^^^^^^^
  File "C:\Users\user\Documents\GitHub\comicsite\selim_site\myvenv\Lib\site-packages\django\template\backends\django.py", line 107, in render
    return self.template.render(context)
           ^^^^^^^^^^^^^^^^^^^^^^^^^^^^^
  File "C:\Users\user\Documents\GitHub\comicsite\selim_site\myvenv\Lib\site-packages\django\template\base.py", line 169, in render
    with context.bind_template(self):
  File "C:\Users\user\AppData\Local\Programs\Python\Python312\Lib\contextlib.py", line 137, in __enter__
    return next(self.gen)
           ^^^^^^^^^^^^^^
  File "C:\Users\user\Documents\GitHub\comicsite\selim_site\myvenv\Lib\site-packages\django\template\context.py", line 253, in bind_template
    processors = template.engine.template_context_processors + self._processors
                 ^^^^^^^^^^^^^^^^^^^^^^^^^^^^^^^^^^^^^^^^^^^
  File "C:\Users\user\Documents\GitHub\comicsite\selim_site\myvenv\Lib\site-packages\django\utils\functional.py", line 47, in __get__
    res = instance.__dict__[self.name] = self.func(instance)
                                         ^^^^^^^^^^^^^^^^^^^
  File "C:\Users\user\Documents\GitHub\comicsite\selim_site\myvenv\Lib\site-packages\django\template\engine.py", line 118, in template_context_processors
    return tuple(import_string(path) for path in context_processors)
           ^^^^^^^^^^^^^^^^^^^^^^^^^^^^^^^^^^^^^^^^^^^^^^^^^^^^^^^^^
  File "C:\Users\user\Documents\GitHub\comicsite\selim_site\myvenv\Lib\site-packages\django\template\engine.py", line 118, in <genexpr>
    return tuple(import_string(path) for path in context_processors)
                 ^^^^^^^^^^^^^^^^^^^
  File "C:\Users\user\Documents\GitHub\comicsite\selim_site\myvenv\Lib\site-packages\django\utils\module_loading.py", line 30, in import_string
    return cached_import(module_path, class_name)
           ^^^^^^^^^^^^^^^^^^^^^^^^^^^^^^^^^^^^^^
  File "C:\Users\user\Documents\GitHub\comicsite\selim_site\myvenv\Lib\site-packages\django\utils\module_loading.py", line 15, in cached_import
    module = import_module(module_path)
             ^^^^^^^^^^^^^^^^^^^^^^^^^^
  File "C:\Users\user\AppData\Local\Programs\Python\Python312\Lib\importlib\__init__.py", line 90, in import_module
    return _bootstrap._gcd_import(name[level:], package, level)
           ^^^^^^^^^^^^^^^^^^^^^^^^^^^^^^^^^^^^^^^^^^^^^^^^^^^^
  File "<frozen importlib._bootstrap>", line 1387, in _gcd_import
  File "<frozen importlib._bootstrap>", line 1360, in _find_and_load
  File "<frozen importlib._bootstrap>", line 1324, in _find_and_load_unlocked
ModuleNotFoundError: No module named 'ssite.context_processors'
C:\Users\user\Documents\GitHub\comicsite\selim_site\ssite\ssite\settings.py changed, reloading.
Watching for file changes with StatReloader
Total price calculated: 26.00 for user safa
No payment method provided for user safa
User safa library query returned 0 products
User safa library query returned 0 products
User safa library query returned 0 products
User safa library query returned 0 products
Total price calculated: 26.00 for user safa
No payment method provided for user safa
User safa library query returned 0 products
